[ 27/01/2020 17:56:55 ] InputFile::OpenFile, Unexpected Failure. Cannot open file for reading - C:/Users/kesha/Downloads/keshav.jpg
[ 27/01/2020 17:56:55 ] InputFile::OpenFile, Unexpected Failure. Cannot open file for reading - C:/Users/kesha/Downloads/keshav.jpg
[ 27/01/2020 17:56:55 ] ObjectsContext::WriteXrefTable, Unexpected Failure. Object of ID = 32 was not registered as written. probably means it was not written
[ 27/01/2020 17:56:55 ] PDFWriter::EndPDF, Could not end PDF
[ 27/01/2020 17:57:19 ] InputFile::OpenFile, Unexpected Failure. Cannot open file for reading - C:/Users/kesha/Downloads/keshav.jpg
[ 27/01/2020 17:57:19 ] InputFile::OpenFile, Unexpected Failure. Cannot open file for reading - C:/Users/kesha/Downloads/keshav.jpg
[ 27/01/2020 17:57:19 ] ObjectsContext::WriteXrefTable, Unexpected Failure. Object of ID = 32 was not registered as written. probably means it was not written
[ 27/01/2020 17:57:19 ] PDFWriter::EndPDF, Could not end PDF
[ 27/01/2020 17:58:17 ] InputFile::OpenFile, Unexpected Failure. Cannot open file for reading - C:/Users/kesha/Downloads/keshav.jpg
[ 27/01/2020 17:58:17 ] InputFile::OpenFile, Unexpected Failure. Cannot open file for reading - C:/Users/kesha/Downloads/keshav.jpg
[ 27/01/2020 17:58:17 ] ObjectsContext::WriteXrefTable, Unexpected Failure. Object of ID = 32 was not registered as written. probably means it was not written
[ 27/01/2020 17:58:17 ] PDFWriter::EndPDF, Could not end PDF
[ 27/01/2020 18:06:58 ] InputFile::OpenFile, Unexpected Failure. Cannot open file for reading - C:/Users/kesha/Downloads/signature.jpg
[ 27/01/2020 18:06:58 ] InputFile::OpenFile, Unexpected Failure. Cannot open file for reading - C:/Users/kesha/Downloads/signature.jpg
[ 27/01/2020 18:06:58 ] ObjectsContext::WriteXrefTable, Unexpected Failure. Object of ID = 32 was not registered as written. probably means it was not written
[ 27/01/2020 18:06:58 ] PDFWriter::EndPDF, Could not end PDF
[ 27/01/2020 22:37:07 ] InputFile::OpenFile, Unexpected Failure. Cannot open file for reading - C:/Users/kesha/Downloads/signature.jpg
[ 27/01/2020 22:37:07 ] InputFile::OpenFile, Unexpected Failure. Cannot open file for reading - C:/Users/kesha/Downloads/signature.jpg
[ 27/01/2020 22:37:07 ] ObjectsContext::WriteXrefTable, Unexpected Failure. Object of ID = 31 was not registered as written. probably means it was not written
[ 27/01/2020 22:37:07 ] PDFWriter::EndPDF, Could not end PDF
[ 28/01/2020 00:14:20 ] InputFile::OpenFile, Unexpected Failure. Cannot open file for reading - C:/Users/kesha/Downloads/signature.jpg
[ 28/01/2020 00:14:20 ] InputFile::OpenFile, Unexpected Failure. Cannot open file for reading - C:/Users/kesha/Downloads/signature.jpg
[ 28/01/2020 00:14:20 ] ObjectsContext::WriteXrefTable, Unexpected Failure. Object of ID = 55 was not registered as written. probably means it was not written
[ 28/01/2020 00:14:20 ] PDFWriter::EndPDF, Could not end PDF
[ 28/01/2020 12:49:38 ] InputFile::OpenFile, Unexpected Failure. Cannot open file for reading - C:/Users/kesha/Downloads/signature.jpg
[ 28/01/2020 12:49:38 ] InputFile::OpenFile, Unexpected Failure. Cannot open file for reading - C:/Users/kesha/Downloads/signature.jpg
[ 28/01/2020 12:49:38 ] ObjectsContext::WriteXrefStream, Unexpected Failure. Object of ID = 95 was not registered as written. probably means it was not written
[ 28/01/2020 12:49:38 ] PDFWriter::EndPDF, Could not end PDF
[ 28/01/2020 13:33:17 ] InputFile::OpenFile, Unexpected Failure. Cannot open file for reading - C:/Users/kesha/Downloads/signature.jpg
[ 28/01/2020 13:33:17 ] InputFile::OpenFile, Unexpected Failure. Cannot open file for reading - C:/Users/kesha/Downloads/signature.jpg
[ 28/01/2020 13:33:17 ] ObjectsContext::WriteXrefStream, Unexpected Failure. Object of ID = 95 was not registered as written. probably means it was not written
[ 28/01/2020 13:33:17 ] PDFWriter::EndPDF, Could not end PDF
[ 28/01/2020 13:38:41 ] AbstractContentContext::PDFModifiedPage, null page object
[ 28/01/2020 13:39:12 ] AbstractContentContext::PDFModifiedPage, null page object
[ 28/01/2020 13:40:12 ] AbstractContentContext::PDFModifiedPage, null page object
[ 28/01/2020 15:03:30 ] InputFile::OpenFile, Unexpected Failure. Cannot open file for reading - C:/Users/kesha/Downloads/signature.jpg
[ 28/01/2020 15:03:30 ] InputFile::OpenFile, Unexpected Failure. Cannot open file for reading - C:/Users/kesha/Downloads/signature.jpg
[ 28/01/2020 15:03:30 ] ObjectsContext::WriteXrefStream, Unexpected Failure. Object of ID = 95 was not registered as written. probably means it was not written
[ 28/01/2020 15:03:30 ] PDFWriter::EndPDF, Could not end PDF
[ 28/01/2020 15:03:59 ] InputFile::OpenFile, Unexpected Failure. Cannot open file for reading - C:/Users/kesha/Downloads/signature.jpg
[ 28/01/2020 15:03:59 ] InputFile::OpenFile, Unexpected Failure. Cannot open file for reading - C:/Users/kesha/Downloads/signature.jpg
[ 28/01/2020 15:03:59 ] ObjectsContext::WriteXrefStream, Unexpected Failure. Object of ID = 95 was not registered as written. probably means it was not written
[ 28/01/2020 15:03:59 ] PDFWriter::EndPDF, Could not end PDF
[ 28/01/2020 15:10:40 ] InputFile::OpenFile, Unexpected Failure. Cannot open file for reading - C:/Users/kesha/Downloads/signature.jpg
[ 28/01/2020 15:10:40 ] InputFile::OpenFile, Unexpected Failure. Cannot open file for reading - C:/Users/kesha/Downloads/signature.jpg
[ 28/01/2020 15:10:40 ] ObjectsContext::WriteXrefStream, Unexpected Failure. Object of ID = 95 was not registered as written. probably means it was not written
[ 28/01/2020 15:10:40 ] PDFWriter::EndPDF, Could not end PDF
[ 28/01/2020 15:49:44 ] AbstractContentContext::PDFModifiedPage, null page object
[ 28/01/2020 15:51:07 ] AbstractContentContext::PDFModifiedPage, null page object
[ 28/01/2020 15:53:25 ] AbstractContentContext::PDFModifiedPage, null page object
[ 28/01/2020 15:54:22 ] AbstractContentContext::PDFModifiedPage, null page object
[ 28/01/2020 15:56:00 ] AbstractContentContext::PDFModifiedPage, null page object
[ 28/01/2020 16:52:55 ] InputFile::OpenFile, Unexpected Failure. Cannot open file for reading - C:/Users/kesha/Downloads/signature.jpg
[ 28/01/2020 16:52:55 ] InputFile::OpenFile, Unexpected Failure. Cannot open file for reading - C:/Users/kesha/Downloads/signature.jpg
[ 28/01/2020 16:52:55 ] ObjectsContext::WriteXrefStream, Unexpected Failure. Object of ID = 95 was not registered as written. probably means it was not written
[ 28/01/2020 16:52:55 ] PDFWriter::EndPDF, Could not end PDF
[ 28/01/2020 17:48:48 ] InputFile::OpenFile, Unexpected Failure. Cannot open file for reading - C:/Users/kesha/Downloads/signature.jpg
[ 28/01/2020 17:48:48 ] InputFile::OpenFile, Unexpected Failure. Cannot open file for reading - C:/Users/kesha/Downloads/signature.jpg
[ 28/01/2020 17:48:48 ] ObjectsContext::WriteXrefStream, Unexpected Failure. Object of ID = 95 was not registered as written. probably means it was not written
[ 28/01/2020 17:48:48 ] PDFWriter::EndPDF, Could not end PDF
